This is pdfTeX, Version 3.14159265-2.6-1.40.20 (MiKTeX 2.9.7050 64-bit) (preloaded format=pdflatex 2019.7.17)  29 AUG 2019 05:47
entering extended mode
**./main_thesis.tex
(main_thesis.tex
LaTeX2e <2018-12-01>
("C:\Program Files\MiKTeX 2.9\tex/latex/base\report.cls"
Document Class: report 2018/09/03 v1.4i Standard LaTeX document class
("C:\Program Files\MiKTeX 2.9\tex/latex/base\size12.clo"
File: size12.clo 2018/09/03 v1.4i Standard LaTeX file (size option)
)
\c@part=\count80
\c@chapter=\count81
\c@section=\count82
\c@subsection=\count83
\c@subsubsection=\count84
\c@paragraph=\count85
\c@subparagraph=\count86
\c@figure=\count87
\c@table=\count88
\abovecaptionskip=\skip41
\belowcaptionskip=\skip42
\bibindent=\dimen102
) (styles/fbe_tez.sty
Thesis style for F.B.E, Bogazici University, Version 4.2
Prepared by Feza Kerestecioglu
\spv=\skip43
\ei=\skip44
\csi=\skip45
\csii=\skip46
\eii=\skip47
\eiii=\skip48
\eiv=\skip49
\ev=\skip50
\c@thsfootcnt=\count89
\symtabi=\skip51
\symtabii=\skip52
) ("C:\Program Files\MiKTeX 2.9\tex/latex/base\inputenc.sty"
Package: inputenc 2018/08/11 v1.3c Input encoding file
\inpenc@prehook=\toks14
\inpenc@posthook=\toks15

("C:\Program Files\MiKTeX 2.9\tex/latex/ucs\utf8x.def"
File: utf8x.def 2004/10/17 UCS: Input encoding UTF-8
))
("C:\Program Files\MiKTeX 2.9\tex/latex/ucs\ucs.sty"
Package: ucs 2013/05/11 v2.2 UCS: Unicode input support

("C:\Program Files\MiKTeX 2.9\tex/latex/ucs\uni-global.def"
File: uni-global.def 2013/05/13 UCS: Unicode global data
)
\uc@secondtry=\count90
\uc@combtoks=\toks16
\uc@combtoksb=\toks17
\uc@temptokena=\toks18
)
("C:\Program Files\MiKTeX 2.9\tex/latex/amsmath\amsmath.sty"
Package: amsmath 2018/12/01 v2.17b AMS math features
\@mathmargin=\skip53

For additional information on amsmath, use the `?' option.
("C:\Program Files\MiKTeX 2.9\tex/latex/amsmath\amstext.sty"
Package: amstext 2000/06/29 v2.01 AMS text

("C:\Program Files\MiKTeX 2.9\tex/latex/amsmath\amsgen.sty"
File: amsgen.sty 1999/11/30 v2.0 generic functions
\@emptytoks=\toks19
\ex@=\dimen103
))
("C:\Program Files\MiKTeX 2.9\tex/latex/amsmath\amsbsy.sty"
Package: amsbsy 1999/11/29 v1.2d Bold Symbols
\pmbraise@=\dimen104
)
("C:\Program Files\MiKTeX 2.9\tex/latex/amsmath\amsopn.sty"
Package: amsopn 2016/03/08 v2.02 operator names
)
\inf@bad=\count91
LaTeX Info: Redefining \frac on input line 223.
\uproot@=\count92
\leftroot@=\count93
LaTeX Info: Redefining \overline on input line 385.
\classnum@=\count94
\DOTSCASE@=\count95
LaTeX Info: Redefining \ldots on input line 482.
LaTeX Info: Redefining \dots on input line 485.
LaTeX Info: Redefining \cdots on input line 606.
\Mathstrutbox@=\box27
\strutbox@=\box28
\big@size=\dimen105
LaTeX Font Info:    Redeclaring font encoding OML on input line 729.
LaTeX Font Info:    Redeclaring font encoding OMS on input line 730.
\macc@depth=\count96
\c@MaxMatrixCols=\count97
\dotsspace@=\muskip10
\c@parentequation=\count98
\dspbrk@lvl=\count99
\tag@help=\toks20
\row@=\count100
\column@=\count101
\maxfields@=\count102
\andhelp@=\toks21
\eqnshift@=\dimen106
\alignsep@=\dimen107
\tagshift@=\dimen108
\tagwidth@=\dimen109
\totwidth@=\dimen110
\lineht@=\dimen111
\@envbody=\toks22
\multlinegap=\skip54
\multlinetaggap=\skip55
\mathdisplay@stack=\toks23
LaTeX Info: Redefining \[ on input line 2844.
LaTeX Info: Redefining \] on input line 2845.
)
("C:\Program Files\MiKTeX 2.9\tex/latex/amscls\amsthm.sty"
Package: amsthm 2017/10/31 v2.20.4
\thm@style=\toks24
\thm@bodyfont=\toks25
\thm@headfont=\toks26
\thm@notefont=\toks27
\thm@headpunct=\toks28
\thm@preskip=\skip56
\thm@postskip=\skip57
\thm@headsep=\skip58
\dth@everypar=\toks29
)
("C:\Program Files\MiKTeX 2.9\tex/latex/amsfonts\amssymb.sty"
Package: amssymb 2013/01/14 v3.01 AMS font symbols

("C:\Program Files\MiKTeX 2.9\tex/latex/amsfonts\amsfonts.sty"
Package: amsfonts 2013/01/14 v3.01 Basic AMSFonts support
\symAMSa=\mathgroup4
\symAMSb=\mathgroup5
LaTeX Font Info:    Overwriting math alphabet `\mathfrak' in version `bold'
(Font)                  U/euf/m/n --> U/euf/b/n on input line 106.
))
("C:\Program Files\MiKTeX 2.9\tex/latex/footmisc\footmisc.sty"
Package: footmisc 2011/06/06 v5.5b a miscellany of footnote facilities
\FN@temptoken=\toks30
\footnotemargin=\dimen112
\c@pp@next@reset=\count103
Package footmisc Info: Declaring symbol style bringhurst on input line 855.
Package footmisc Info: Declaring symbol style chicago on input line 863.
Package footmisc Info: Declaring symbol style wiley on input line 872.
Package footmisc Info: Declaring symbol style lamport-robust on input line 883.

Package footmisc Info: Declaring symbol style lamport* on input line 903.
Package footmisc Info: Declaring symbol style lamport*-robust on input line 924
.
)
("C:\Program Files\MiKTeX 2.9\tex/latex/cite\cite.sty"
LaTeX Info: Redefining \cite on input line 302.
LaTeX Info: Redefining \nocite on input line 332.
Package: cite 2015/02/27  v 5.5
)
("C:\Program Files\MiKTeX 2.9\tex/latex/graphics\graphicx.sty"
Package: graphicx 2017/06/01 v1.1a Enhanced LaTeX Graphics (DPC,SPQR)

("C:\Program Files\MiKTeX 2.9\tex/latex/graphics\keyval.sty"
Package: keyval 2014/10/28 v1.15 key=value parser (DPC)
\KV@toks@=\toks31
)
("C:\Program Files\MiKTeX 2.9\tex/latex/graphics\graphics.sty"
Package: graphics 2017/06/25 v1.2c Standard LaTeX Graphics (DPC,SPQR)

("C:\Program Files\MiKTeX 2.9\tex/latex/graphics\trig.sty"
Package: trig 2016/01/03 v1.10 sin cos tan (DPC)
)
("C:\Program Files\MiKTeX 2.9\tex/latex/graphics-cfg\graphics.cfg"
File: graphics.cfg 2016/06/04 v1.11 sample graphics configuration
)
Package graphics Info: Driver file: pdftex.def on input line 99.

("C:\Program Files\MiKTeX 2.9\tex/latex/graphics-def\pdftex.def"
File: pdftex.def 2018/01/08 v1.0l Graphics/color driver for pdftex
))
\Gin@req@height=\dimen113
\Gin@req@width=\dimen114
)
("C:\Program Files\MiKTeX 2.9\tex/latex/tools\longtable.sty"
Package: longtable 2014/10/28 v4.11 Multi-page Table package (DPC)+ FMi change
\LTleft=\skip59
\LTright=\skip60
\LTpre=\skip61
\LTpost=\skip62
\LTchunksize=\count104
\LTcapwidth=\dimen115
\LT@head=\box29
\LT@firsthead=\box30
\LT@foot=\box31
\LT@lastfoot=\box32
\LT@cols=\count105
\LT@rows=\count106
\c@LT@tables=\count107
\c@LT@chunks=\count108
\LT@p@ftn=\toks32
)
("C:\Program Files\MiKTeX 2.9\tex/latex/multirow\multirow.sty"
Package: multirow 2019/05/31 v2.5 Span multiple rows of a table
\multirow@colwidth=\skip63
\multirow@cntb=\count109
\multirow@dima=\skip64
\bigstrutjot=\dimen116
)
("C:\Program Files\MiKTeX 2.9\tex/latex/subfigure\subfigure.sty"
Package: subfigure 2002/07/30 v2.1.4 subfigure package
\subfigtopskip=\skip65
\subfigcapskip=\skip66
\subfigcaptopadj=\dimen117
\subfigbottomskip=\skip67
\subfigcapmargin=\dimen118
\subfiglabelskip=\skip68
\c@subfigure=\count110
\c@lofdepth=\count111
\c@subtable=\count112
\c@lotdepth=\count113

****************************************
* Local config file subfigure.cfg used *
****************************************
("C:\Program Files\MiKTeX 2.9\tex/latex/subfigure\subfigure.cfg")
\subfig@top=\skip69
\subfig@bottom=\skip70
)
("C:\Program Files\MiKTeX 2.9\tex/latex/algorithms\algorithm.sty"
Package: algorithm 2009/08/24 v0.1 Document Style `algorithm' - floating enviro
nment

("C:\Program Files\MiKTeX 2.9\tex/latex/float\float.sty"
Package: float 2001/11/08 v1.3d Float enhancements (AL)
\c@float@type=\count114
\float@exts=\toks33
\float@box=\box33
\@float@everytoks=\toks34
\@floatcapt=\box34
)
("C:\Program Files\MiKTeX 2.9\tex/latex/base\ifthen.sty"
Package: ifthen 2014/09/29 v1.1c Standard LaTeX ifthen package (DPC)
)
\@float@every@algorithm=\toks35
\c@algorithm=\count115
)
("C:\Program Files\MiKTeX 2.9\tex/latex/algorithms\algorithmic.sty"
Package: algorithmic 2009/08/24 v0.1 Document Style `algorithmic'
\c@ALC@unique=\count116
\c@ALC@line=\count117
\c@ALC@rem=\count118
\c@ALC@depth=\count119
\ALC@tlm=\skip71
\algorithmicindent=\skip72
)
("C:\Program Files\MiKTeX 2.9\tex/latex/xcolor\xcolor.sty"
Package: xcolor 2016/05/11 v2.12 LaTeX color extensions (UK)

("C:\Program Files\MiKTeX 2.9\tex/latex/graphics-cfg\color.cfg"
File: color.cfg 2016/01/02 v1.6 sample color configuration
)
Package xcolor Info: Driver file: pdftex.def on input line 225.
Package xcolor Info: Model `cmy' substituted by `cmy0' on input line 1348.
Package xcolor Info: Model `hsb' substituted by `rgb' on input line 1352.
Package xcolor Info: Model `RGB' extended on input line 1364.
Package xcolor Info: Model `HTML' substituted by `rgb' on input line 1366.
Package xcolor Info: Model `Hsb' substituted by `hsb' on input line 1367.
Package xcolor Info: Model `tHsb' substituted by `hsb' on input line 1368.
Package xcolor Info: Model `HSB' substituted by `hsb' on input line 1369.
Package xcolor Info: Model `Gray' substituted by `gray' on input line 1370.
Package xcolor Info: Model `wave' substituted by `hsb' on input line 1371.
)
("C:\Program Files\MiKTeX 2.9\tex/latex/soul\soul.sty"
Package: soul 2003/11/17 v2.4 letterspacing/underlining (mf)
\SOUL@word=\toks36
\SOUL@lasttoken=\toks37
\SOUL@cmds=\toks38
\SOUL@buffer=\toks39
\SOUL@token=\toks40
\SOUL@spaceskip=\skip73
\SOUL@ttwidth=\dimen119
\SOUL@uldp=\dimen120
\SOUL@ulht=\dimen121
)
("C:\Program Files\MiKTeX 2.9\tex/latex/pdfpages\pdfpages.sty"
Package: pdfpages 2017/10/31 v0.5l Insert pages of external PDF documents (AM)

("C:\Program Files\MiKTeX 2.9\tex/latex/tools\calc.sty"
Package: calc 2017/05/25 v4.3 Infix arithmetic (KKT,FJ)
\calc@Acount=\count120
\calc@Bcount=\count121
\calc@Adimen=\dimen122
\calc@Bdimen=\dimen123
\calc@Askip=\skip74
\calc@Bskip=\skip75
LaTeX Info: Redefining \setlength on input line 80.
LaTeX Info: Redefining \addtolength on input line 81.
\calc@Ccount=\count122
\calc@Cskip=\skip76
)
("C:\Program Files\MiKTeX 2.9\tex/latex/eso-pic\eso-pic.sty"
Package: eso-pic 2018/04/12 v2.0h eso-pic (RN)

("C:\Program Files\MiKTeX 2.9\tex/generic/oberdiek\atbegshi.sty"
Package: atbegshi 2016/06/09 v1.18 At begin shipout hook (HO)

("C:\Program Files\MiKTeX 2.9\tex/generic/oberdiek\infwarerr.sty"
Package: infwarerr 2016/05/16 v1.4 Providing info/warning/error messages (HO)
)
("C:\Program Files\MiKTeX 2.9\tex/generic/oberdiek\ltxcmds.sty"
Package: ltxcmds 2016/05/16 v1.23 LaTeX kernel commands for general use (HO)
)
("C:\Program Files\MiKTeX 2.9\tex/generic/oberdiek\ifpdf.sty"
Package: ifpdf 2018/09/07 v3.3 Provides the ifpdf switch
)))
\AM@pagewidth=\dimen124
\AM@pageheight=\dimen125

("C:\Program Files\MiKTeX 2.9\tex/latex/pdfpages\pppdftex.def"
File: pppdftex.def 2017/10/31 v0.5l Pdfpages driver for pdfTeX (AM)
)
\AM@pagebox=\box35
\AM@global@opts=\toks41
\AM@toc@title=\toks42
\c@AM@survey=\count123
\AM@templatesizebox=\box36
)
("C:\Program Files\MiKTeX 2.9\tex/latex/oberdiek\pdflscape.sty"
Package: pdflscape 2016/05/14 v0.11 Display of landscape pages in PDF (HO)

("C:\Program Files\MiKTeX 2.9\tex/latex/graphics\lscape.sty"
Package: lscape 2000/10/22 v3.01 Landscape Pages (DPC)
)
Package pdflscape Info: Auto-detected driver: pdftex on input line 81.

("C:\Program Files\MiKTeX 2.9\tex/generic/ifxetex\ifxetex.sty"
Package: ifxetex 2010/09/12 v0.6 Provides ifxetex conditional
))
("C:\Program Files\MiKTeX 2.9\tex/latex/microtype\microtype.sty"
Package: microtype 2019/02/28 v2.7b Micro-typographical refinements (RS)
\MT@toks=\toks43
\MT@count=\count124
LaTeX Info: Redefining \textls on input line 790.
\MT@outer@kern=\dimen126
LaTeX Info: Redefining \textmicrotypecontext on input line 1336.
\MT@listname@count=\count125

("C:\Program Files\MiKTeX 2.9\tex/latex/microtype\microtype-pdftex.def"
File: microtype-pdftex.def 2019/02/28 v2.7b Definitions specific to pdftex (RS)

LaTeX Info: Redefining \lsstyle on input line 914.
LaTeX Info: Redefining \lslig on input line 914.
\MT@outer@space=\skip77
)
Package microtype Info: Loading configuration file microtype.cfg.

("C:\Program Files\MiKTeX 2.9\tex/latex/microtype\microtype.cfg"
File: microtype.cfg 2019/02/28 v2.7b microtype main configuration file (RS)
))
\c@thm=\count126


LaTeX Warning: Unused global option(s):
    [onesided].

(main_thesis.aux)
\openout1 = `main_thesis.aux'.

LaTeX Font Info:    Checking defaults for OML/cmm/m/it on input line 40.
LaTeX Font Info:    ... okay on input line 40.
LaTeX Font Info:    Checking defaults for T1/cmr/m/n on input line 40.
LaTeX Font Info:    ... okay on input line 40.
LaTeX Font Info:    Checking defaults for OT1/cmr/m/n on input line 40.
LaTeX Font Info:    ... okay on input line 40.
LaTeX Font Info:    Checking defaults for OMS/cmsy/m/n on input line 40.
LaTeX Font Info:    ... okay on input line 40.
LaTeX Font Info:    Checking defaults for OMX/cmex/m/n on input line 40.
LaTeX Font Info:    ... okay on input line 40.
LaTeX Font Info:    Checking defaults for U/cmr/m/n on input line 40.
LaTeX Font Info:    ... okay on input line 40.
 ("C:\Program Files\MiKTeX 2.9\tex/latex/ucs\ucsencs.def"
File: ucsencs.def 2011/01/21 Fixes to fontencodings LGR, T3
)
("C:\Program Files\MiKTeX 2.9\tex/context/base/mkii\supp-pdf.mkii"
[Loading MPS to PDF converter (version 2006.09.02).]
\scratchcounter=\count127
\scratchdimen=\dimen127
\scratchbox=\box37
\nofMPsegments=\count128
\nofMParguments=\count129
\everyMPshowfont=\toks44
\MPscratchCnt=\count130
\MPscratchDim=\dimen128
\MPnumerator=\count131
\makeMPintoPDFobject=\count132
\everyMPtoPDFconversion=\toks45
) ("C:\Program Files\MiKTeX 2.9\tex/latex/oberdiek\epstopdf-base.sty"
Package: epstopdf-base 2016/05/15 v2.6 Base part for package epstopdf

("C:\Program Files\MiKTeX 2.9\tex/latex/oberdiek\grfext.sty"
Package: grfext 2016/05/16 v1.2 Manage graphics extensions (HO)

("C:\Program Files\MiKTeX 2.9\tex/generic/oberdiek\kvdefinekeys.sty"
Package: kvdefinekeys 2016/05/16 v1.4 Define keys (HO)
))
("C:\Program Files\MiKTeX 2.9\tex/latex/oberdiek\kvoptions.sty"
Package: kvoptions 2016/05/16 v3.12 Key value format for package options (HO)

("C:\Program Files\MiKTeX 2.9\tex/generic/oberdiek\kvsetkeys.sty"
Package: kvsetkeys 2016/05/16 v1.17 Key value parser (HO)

("C:\Program Files\MiKTeX 2.9\tex/generic/oberdiek\etexcmds.sty"
Package: etexcmds 2016/05/16 v1.6 Avoid name clashes with e-TeX commands (HO)

("C:\Program Files\MiKTeX 2.9\tex/generic/oberdiek\ifluatex.sty"
Package: ifluatex 2016/05/16 v1.4 Provides the ifluatex switch (HO)
Package ifluatex Info: LuaTeX not detected.
))))
("C:\Program Files\MiKTeX 2.9\tex/generic/oberdiek\pdftexcmds.sty"
Package: pdftexcmds 2018/09/10 v0.29 Utility functions of pdfTeX for LuaTeX (HO
)
Package pdftexcmds Info: LuaTeX not detected.
Package pdftexcmds Info: \pdf@primitive is available.
Package pdftexcmds Info: \pdf@ifprimitive is available.
Package pdftexcmds Info: \pdfdraftmode found.
)
Package epstopdf-base Info: Redefining graphics rule for `.eps' on input line 4
38.
Package grfext Info: Graphics extension search list:
(grfext)             [.pdf,.png,.jpg,.mps,.jpeg,.jbig2,.jb2,.PDF,.PNG,.JPG,.JPE
G,.JBIG2,.JB2,.eps]
(grfext)             \AppendGraphicsExtensions on input line 456.
)
\AtBeginShipoutBox=\box38
LaTeX Info: Redefining \microtypecontext on input line 40.
Package microtype Info: Generating PDF output.
Package microtype Info: Character protrusion enabled (level 2).
Package microtype Info: Using default protrusion set `alltext'.
Package microtype Info: Automatic font expansion enabled (level 2),
(microtype)             stretch: 20, shrink: 20, step: 1, non-selected.
Package microtype Info: Using default expansion set `basictext'.
Package microtype Info: No adjustment of tracking.
Package microtype Info: No adjustment of interword spacing.
Package microtype Info: No adjustment of character kerning.

("C:\Program Files\MiKTeX 2.9\tex/latex/microtype\mt-cmr.cfg"
File: mt-cmr.cfg 2013/05/19 v2.2 microtype config. file: Computer Modern Roman 
(RS)
)
("C:\Program Files\MiKTeX 2.9\tex/latex/ucs\uni-0.def"
File: uni-0.def 2013/05/13 UCS: Unicode data U+0000..U+00FF
) [1

{C:/Users/hncetin/AppData/Local/MiKTeX/2.9/pdftex/config/pdftex.map}] (main_the
sis.toc
LaTeX Font Info:    Try loading font information for U+msa on input line 1.

("C:\Program Files\MiKTeX 2.9\tex/latex/amsfonts\umsa.fd"
File: umsa.fd 2013/01/14 v3.01 AMS symbols A
)
("C:\Program Files\MiKTeX 2.9\tex/latex/microtype\mt-msa.cfg"
File: mt-msa.cfg 2006/02/04 v1.1 microtype config. file: AMS symbols (a) (RS)
)
LaTeX Font Info:    Try loading font information for U+msb on input line 1.

("C:\Program Files\MiKTeX 2.9\tex/latex/amsfonts\umsb.fd"
File: umsb.fd 2013/01/14 v3.01 AMS symbols B
)
("C:\Program Files\MiKTeX 2.9\tex/latex/microtype\mt-msb.cfg"
File: mt-msb.cfg 2005/06/01 v1.0 microtype config. file: AMS symbols (b) (RS)
) [1

])
\tf@toc=\write3
\openout3 = `main_thesis.toc'.

 [2]
(main_thesis.lof)
\tf@lof=\write4
\openout4 = `main_thesis.lof'.

 [3

] (main_thesis.lot)
\tf@lot=\write5
\openout5 = `main_thesis.lot'.

 [4

] (chapters/introduction.tex
Chapter 1.
<images/systemsbiology.png, id=22, 974.13937pt x 450.9347pt>
File: images/systemsbiology.png Graphic file (type png)
<use images/systemsbiology.png>
Package pdftex.def Info: images/systemsbiology.png  used on input line 12.
(pdftex.def)             Requested size: 352.8155pt x 163.3203pt.
[1


] [2 <./images/systemsbiology.png>]
<images/modelreconstruction.png, id=32, 1016.29688pt x 802.49812pt>
File: images/modelreconstruction.png Graphic file (type png)
<use images/modelreconstruction.png>
Package pdftex.def Info: images/modelreconstruction.png  used on input line 28.

(pdftex.def)             Requested size: 441.01772pt x 348.23895pt.
 [3 <./images/modelreconstruction.png>]
<images/wos_metabolicmodel_search.jpg, id=37, 936.49875pt x 451.6875pt>
File: images/wos_metabolicmodel_search.jpg Graphic file (type jpg)
<use images/wos_metabolicmodel_search.jpg>
Package pdftex.def Info: images/wos_metabolicmodel_search.jpg  used on input li
ne 45.
(pdftex.def)             Requested size: 441.01772pt x 212.71356pt.

[4] [5 <./images/wos_metabolicmodel_search.jpg>]
<images/central_carbon_mech_of_s_cerevisiae_kegg.png, id=45, 1413.28pt x 1547.7
825pt>
File: images/central_carbon_mech_of_s_cerevisiae_kegg.png Graphic file (type pn
g)
<use images/central_carbon_mech_of_s_cerevisiae_kegg.png>
Package pdftex.def Info: images/central_carbon_mech_of_s_cerevisiae_kegg.png  u
sed on input line 73.
(pdftex.def)             Requested size: 441.01772pt x 482.99596pt.
 [6])
(chapters/materialsmethods_yeast8.tex [7] [8 <./images/central_carbon_mech_of_s
_cerevisiae_kegg.png>]
Chapter 2.
<images/modelstats.png, id=58, 1890.06125pt x 699.61375pt>
File: images/modelstats.png Graphic file (type png)
<use images/modelstats.png>
Package pdftex.def Info: images/modelstats.png  used on input line 10.
(pdftex.def)             Requested size: 441.01772pt x 163.24565pt.
[9

 <./images/modelstats.png>]
<images/yeast8_github.png, id=63, 618.81187pt x 675.27281pt>
File: images/yeast8_github.png Graphic file (type png)
<use images/yeast8_github.png>
Package pdftex.def Info: images/yeast8_github.png  used on input line 20.
(pdftex.def)             Requested size: 396.91324pt x 433.14168pt.
 [10 <./images/yeast8_github.png>]
<images/Gam_fitting.jpg, id=68, 846.16125pt x 613.29124pt>
File: images/Gam_fitting.jpg Graphic file (type jpg)
<use images/Gam_fitting.jpg>
Package pdftex.def Info: images/Gam_fitting.jpg  used on input line 31.
(pdftex.def)             Requested size: 352.8155pt x 255.7183pt.
 [11 <./images/Gam_fitting.jpg>] [12]
<images/fba.jpg, id=78, 1164.60094pt x 496.10344pt>
File: images/fba.jpg Graphic file (type jpg)
<use images/fba.jpg>
Package pdftex.def Info: images/fba.jpg  used on input line 58.
(pdftex.def)             Requested size: 441.01772pt x 187.86267pt.
 [13 <./images/fba.jpg>]
<images/fva.jpg, id=82, 1175.14032pt x 681.29532pt>
File: images/fva.jpg Graphic file (type jpg)
<use images/fva.jpg>
Package pdftex.def Info: images/fva.jpg  used on input line 80.
(pdftex.def)             Requested size: 441.01772pt x 255.68263pt.
 [14] [15 <./images/fva.jpg>]
chapters/materialsmethods_yeast8.tex:85: Extra \endgroup.
\endlandscape ...ate 90} \fi \clearpage \endgroup 
                                                  \global \@colht =\textheig...
l.85 \end{landscape}
                    
Things are pretty mixed up, but I think the worst is over.


chapters/materialsmethods_yeast8.tex:85: LaTeX Error: \begin{document} ended by
 \end{landscape}.

See the LaTeX manual or LaTeX Companion for explanation.
Type  H <return>  for immediate help.
 ...                                              
                                                  
l.85 \end{landscape}
                    
Your command was ignored.
Type  I <command> <return>  to replace it with another command,
or  <return>  to continue without it.

chapters/materialsmethods_yeast8.tex:85: Extra \endgroup.
<recently read> \endgroup 
                          
l.85 \end{landscape}
                    
Things are pretty mixed up, but I think the worst is over.

<images/phpp.jpg, id=90, 1343.0175pt x 545.03625pt>
File: images/phpp.jpg Graphic file (type jpg)
<use images/phpp.jpg>
Package pdftex.def Info: images/phpp.jpg  used on input line 93.
(pdftex.def)             Requested size: 441.01772pt x 178.97264pt.
) (chapters/materialsmethods_petek.tex [16

 <./images/phpp.jpg>]
Chapter 3.
(tables/experimental_OD600s_and_growths.tex)
(tables/experimental_concentrations.tex
Overfull \hbox (5.98085pt too wide) in paragraph at lines 4--21
 [] 
 []

[17

]) [18]
Package epstopdf Info: Source file: <images/GrowthGraphsSmall.eps>
(epstopdf)                    date: 2019-07-20 23:07:59
(epstopdf)                    size: 43310 bytes
(epstopdf)             Output file: <images/GrowthGraphsSmall-eps-converted-to.
pdf>
(epstopdf)                    date: 2019-07-20 23:22:09
(epstopdf)                    size: 8281 bytes
(epstopdf)             Command: <epstopdf --outfile=images/GrowthGraphsSmall-ep
s-converted-to.pdf images/GrowthGraphsSmall.eps>
(epstopdf)             \includegraphics on input line 20.
Package epstopdf Info: Output file is already uptodate.


pdfTeX warning: pdflatex (file ./images/GrowthGraphsSmall-eps-converted-to.pdf)
: PDF inclusion: found PDF version <1.7>, but at most version <1.5> allowed
<images/GrowthGraphsSmall-eps-converted-to.pdf, id=100, 473.77pt x 316.18124pt>

File: images/GrowthGraphsSmall-eps-converted-to.pdf Graphic file (type pdf)
<use images/GrowthGraphsSmall-eps-converted-to.pdf>
Package pdftex.def Info: images/GrowthGraphsSmall-eps-converted-to.pdf  used on
 input line 20.
(pdftex.def)             Requested size: 441.01772pt x 294.33015pt.
[19] (tables/calculated_fluxes.tex) [20 <./images/GrowthGraphsSmall-eps-convert
ed-to.pdf>]

LaTeX Warning: Reference `table:rxns_smallYeast' on page 21 undefined on input 
line 39.

(tables/rxns_smallYeast.tex [21] [22]
Underfull \hbox (badness 10000) in paragraph at lines 4--4
[]|\OT1/cmr/bx/n/6 EC-
 []


Overfull \hbox (3.47879pt too wide) in paragraph at lines 4--4
\OT1/cmr/bx/n/6 NUMBER| 
 []


Overfull \hbox (53.1466pt too wide) in alignment at lines 3--7
 [] [] [] [] [] 
 []

LaTeX Font Info:    Try loading font information for OML+cmr on input line 9.
("C:\Program Files\MiKTeX 2.9\tex/latex/base\omlcmr.fd"
File: omlcmr.fd 2014/09/29 v2.5h Standard LaTeX font definitions
)
LaTeX Font Info:    Font shape `OML/cmr/m/n' in size <6> not available
(Font)              Font shape `OML/cmm/m/it' tried instead on input line 9.

Underfull \hbox (badness 10000) in paragraph at lines 18--18
[]|\OT1/cmr/m/n/6 YGR254W; YHR174W; YOR393W;
 []


Underfull \hbox (badness 6032) in paragraph at lines 21--21
[]|\OT1/cmr/m/n/6 YNR034W; YCR073W-A; YHR163W;
 []


Overfull \hbox (53.1466pt too wide) in alignment at lines 7--29
 [] [] [] [] [] 
 []


Underfull \hbox (badness 10000) in paragraph at lines 38--39
[]|\OT1/cmr/m/n/6 Galactose
 []


Underfull \hbox (badness 10000) in paragraph at lines 39--40
[]|\OT1/cmr/m/n/6 Galactose
 []


Underfull \hbox (badness 10000) in paragraph at lines 40--41
[]|\OT1/cmr/m/n/6 Galactose
 []


Underfull \hbox (badness 10000) in paragraph at lines 41--42
[]|\OT1/cmr/m/n/6 Galactose
 []


Underfull \hbox (badness 10000) in paragraph at lines 47--47
[]|\OT1/cmr/m/n/6 YMR170C; YMR169C; YOR374W;
 []


Overfull \hbox (53.1466pt too wide) in alignment at lines 29--49
 [] [] [] [] [] 
 []


Underfull \hbox (badness 10000) in paragraph at lines 50--50
[]|\OT1/cmr/m/n/6 NADH-ubiquinone ox-i-dore-duc-tase, mi-to-chon-drial
 []


Underfull \hbox (badness 10000) in paragraph at lines 50--50
[]|\OT1/cmr/m/n/6 1.6.5.3
 []


Underfull \hbox (badness 10000) in paragraph at lines 51--51
[]|\OT1/cmr/m/n/6 1.6.5.3
 []


Underfull \hbox (badness 10000) in paragraph at lines 53--53
[]|\OT1/cmr/m/n/6 YEL024W; YBL045C; YHR001W-A;
 []


Underfull \hbox (badness 10000) in paragraph at lines 53--53
\OT1/cmr/m/n/6 YPR191W; YFR033C; YDR529C;
 []


Underfull \hbox (badness 10000) in paragraph at lines 54--54
[]|\OT1/cmr/m/n/6 YNL052W; YIL111W; YLR395C;
 []


Underfull \hbox (badness 10000) in paragraph at lines 54--54
\OT1/cmr/m/n/6 YGL191W; YLR038C; YMR256C;
 []


Underfull \hbox (badness 1107) in paragraph at lines 55--55
\OT1/cmr/m/n/6 Q0130; Q0085; YJR121W; YKL016C;
 []


Underfull \hbox (badness 10000) in paragraph at lines 55--55
\OT1/cmr/m/n/6 YDL004W; YDR322C-A; YPL271W;
 []


Underfull \hbox (badness 10000) in paragraph at lines 55--55
\OT1/cmr/m/n/6 YDR377W; YPR020W; YBR039W;
 []


Underfull \hbox (badness 2261) in paragraph at lines 55--55
\OT1/cmr/m/n/6 YLR295C; YML081C-A; YOL077W-A;
 []


Overfull \hbox (53.1466pt too wide) in alignment at lines 49--60
 [] [] [] [] [] 
 []

[23

] [24])) (chapters/results.tex [25

] [26]
Chapter 4.
Package epstopdf Info: Source file: <images/nonzerofluxes_3.eps>
(epstopdf)                    date: 2019-07-23 02:29:16
(epstopdf)                    size: 49328 bytes
(epstopdf)             Output file: <images/nonzerofluxes_3-eps-converted-to.pd
f>
(epstopdf)                    date: 2019-07-23 02:29:26
(epstopdf)                    size: 6405 bytes
(epstopdf)             Command: <epstopdf --outfile=images/nonzerofluxes_3-eps-
converted-to.pdf images/nonzerofluxes_3.eps>
(epstopdf)             \includegraphics on input line 5.
Package epstopdf Info: Output file is already uptodate.


pdfTeX warning: pdflatex (file ./images/nonzerofluxes_3-eps-converted-to.pdf): 
PDF inclusion: found PDF version <1.7>, but at most version <1.5> allowed
<images/nonzerofluxes_3-eps-converted-to.pdf, id=133, 813.0375pt x 587.19376pt>

File: images/nonzerofluxes_3-eps-converted-to.pdf Graphic file (type pdf)
<use images/nonzerofluxes_3-eps-converted-to.pdf>
Package pdftex.def Info: images/nonzerofluxes_3-eps-converted-to.pdf  used on i
nput line 5.
(pdftex.def)             Requested size: 441.01772pt x 318.51347pt.
Package epstopdf Info: Source file: <images/FluxDistributionsonMap.eps>
(epstopdf)                    date: 2019-07-23 02:10:21
(epstopdf)                    size: 1690148 bytes
(epstopdf)             Output file: <images/FluxDistributionsonMap-eps-converte
d-to.pdf>
(epstopdf)                    date: 2019-07-23 02:12:10
(epstopdf)                    size: 491151 bytes
(epstopdf)             Command: <epstopdf --outfile=images/FluxDistributionsonM
ap-eps-converted-to.pdf images/FluxDistributionsonMap.eps>
(epstopdf)             \includegraphics on input line 13.
Package epstopdf Info: Output file is already uptodate.


pdfTeX warning: pdflatex (file ./images/FluxDistributionsonMap-eps-converted-to
.pdf): PDF inclusion: found PDF version <1.7>, but at most version <1.5> allowe
d
<images/FluxDistributionsonMap-eps-converted-to.pdf, id=134, 556.0775pt x 561.0
9625pt>
File: images/FluxDistributionsonMap-eps-converted-to.pdf Graphic file (type pdf
)
<use images/FluxDistributionsonMap-eps-converted-to.pdf>
Package pdftex.def Info: images/FluxDistributionsonMap-eps-converted-to.pdf  us
ed on input line 13.
(pdftex.def)             Requested size: 441.01772pt x 445.00775pt.
) (chapters/discussion.tex [27

 <./images/nonzerofluxes_3-eps-converted-to.pdf>] [28 <./images/FluxDistributio
nsonMap-eps-converted-to.pdf>]
Chapter 5.
) (chapters/remainings.tex [29

]
Chapter 6.
) (main_thesis.bbl [30

] [31

]
("C:\Program Files\MiKTeX 2.9\tex/latex/ucs\uni-32.def"
File: uni-32.def 2013/05/13 UCS: Unicode data U+2000..U+20FF
) [32] [33] [34]
[35] [36]) [37] (main_thesis.aux)

LaTeX Warning: There were undefined references.

 ) 
Here is how much of TeX's memory you used:
 7616 strings out of 492895
 110786 string characters out of 3133473
 251302 words of memory out of 3000000
 11185 multiletter control sequences out of 15000+200000
 15444 words of font info for 104 fonts, out of 3000000 for 9000
 1141 hyphenation exceptions out of 8191
 41i,10n,38p,1133b,554s stack positions out of 5000i,500n,10000p,200000b,50000s
<C:/Program Files/MiKTeX 2.9/fonts/type1/public/amsfonts/cm/cmbx12.pfb><C:/Pr
ogram Files/MiKTeX 2.9/fonts/type1/public/amsfonts/cm/cmbx6.pfb><C:/Program Fil
es/MiKTeX 2.9/fonts/type1/public/amsfonts/cm/cmbxti10.pfb><C:/Program Files/MiK
TeX 2.9/fonts/type1/public/amsfonts/cm/cmmi12.pfb><C:/Program Files/MiKTeX 2.9/
fonts/type1/public/amsfonts/cm/cmmi6.pfb><C:/Program Files/MiKTeX 2.9/fonts/typ
e1/public/amsfonts/cm/cmmi8.pfb><C:/Program Files/MiKTeX 2.9/fonts/type1/public
/amsfonts/cm/cmr12.pfb><C:/Program Files/MiKTeX 2.9/fonts/type1/public/amsfonts
/cm/cmr6.pfb><C:/Program Files/MiKTeX 2.9/fonts/type1/public/amsfonts/cm/cmr8.p
fb><C:/Program Files/MiKTeX 2.9/fonts/type1/public/amsfonts/cm/cmsy10.pfb><C:/P
rogram Files/MiKTeX 2.9/fonts/type1/public/amsfonts/cm/cmsy8.pfb><C:/Program Fi
les/MiKTeX 2.9/fonts/type1/public/amsfonts/cm/cmti12.pfb>
Output written on main_thesis.pdf (42 pages, 2604601 bytes).
PDF statistics:
 215 PDF objects out of 1000 (max. 8388607)
 0 named destinations out of 1000 (max. 500000)
 11330 words of extra memory for PDF output out of 12000 (max. 10000000)

